<?xml version="1.0" encoding="UTF-8" ?>
<testsuite tests="4" failures="0" name="NumberOfNegativeNumbersTest" time="0.16" errors="0" skipped="0">
  <properties>
[...]
</properties>
  <testcase classname="NumberOfNegativeNumbersTest" name="test1" time="0.125"/>
  <testcase classname="NumberOfNegativeNumbersTest" name="test2" time="0"/>
  <testcase classname="NumberOfNegativeNumbersTest" name="test3" time="0.025"/>
  <testcase classname="NumberOfNegativeNumbersTest" name="test4" time="0.01"/>
</testsuite>